\BOOKMARK [0][-]{section*.1}{Declaration\040of\040Authorship}{}% 1
\BOOKMARK [0][-]{section*.2}{Abstract}{}% 2
\BOOKMARK [0][-]{section*.3}{Acknowledgements}{}% 3
\BOOKMARK [0][-]{chapter.14}{Chapter\040Title\040Here}{}% 4
\BOOKMARK [1][-]{section.15}{Welcome\040and\040Thank\040You}{chapter.14}% 5
\BOOKMARK [1][-]{section.16}{Learning\040LaTeX}{chapter.14}% 6
\BOOKMARK [2][-]{subsection.17}{A\040\(not\040so\040short\)\040Introduction\040to\040LaTeX}{section.16}% 7
\BOOKMARK [2][-]{subsection.18}{A\040Short\040Math\040Guide\040for\040LaTeX}{section.16}% 8
\BOOKMARK [2][-]{subsection.19}{Common\040LaTeX\040Math\040Symbols}{section.16}% 9
\BOOKMARK [2][-]{subsection.20}{LaTeX\040on\040a\040Mac}{section.16}% 10
\BOOKMARK [1][-]{section.21}{Getting\040Started\040with\040this\040Template}{chapter.14}% 11
\BOOKMARK [2][-]{subsection.22}{About\040this\040Template}{section.21}% 12
\BOOKMARK [1][-]{section.23}{What\040this\040Template\040Includes}{chapter.14}% 13
\BOOKMARK [2][-]{subsection.24}{Folders}{section.23}% 14
\BOOKMARK [2][-]{subsection.25}{Files}{section.23}% 15
\BOOKMARK [1][-]{section.26}{Filling\040in\040Your\040Information\040in\040the\040main.tex\040File}{chapter.14}% 16
\BOOKMARK [1][-]{section.27}{The\040main.tex\040File\040Explained}{chapter.14}% 17
\BOOKMARK [1][-]{section.28}{Thesis\040Features\040and\040Conventions}{chapter.14}% 18
\BOOKMARK [2][-]{subsection.29}{Printing\040Format}{section.28}% 19
\BOOKMARK [2][-]{subsection.30}{Using\040US\040Letter\040Paper}{section.28}% 20
\BOOKMARK [2][-]{subsection.31}{References}{section.28}% 21
\BOOKMARK [3][-]{section*.33}{A\040Note\040on\040bibtex}{subsection.31}% 22
\BOOKMARK [2][-]{subsection.34}{Tables}{section.28}% 23
\BOOKMARK [2][-]{subsection.36}{Figures}{section.28}% 24
\BOOKMARK [2][-]{subsection.38}{Typesetting\040mathematics}{section.28}% 25
\BOOKMARK [1][-]{section.40}{Sectioning\040and\040Subsectioning}{chapter.14}% 26
\BOOKMARK [1][-]{section.41}{In\040Closing}{chapter.14}% 27
\BOOKMARK [0][-]{appendix.42}{Appendix\040Title\040Here}{}% 28
\BOOKMARK [0][-]{appendix*.43}{Bibliography}{}% 29
