This is XeTeX, Version 3.14159265-2.6-0.99992 (MiKTeX 2.9) (preloaded format=xelatex 2016.3.27)  29 MAR 2016 23:26
entering extended mode
**./cv_1.tex
(cv_1.tex
LaTeX2e <2015/10/01> patch level 2
Babel <3.9n> and hyphenation patterns for 69 languages loaded.
(res.cls
Document Style `res' <26 Sep 89>.
Document Class: res 2000/05/19 v1.4b Resume class
(D:\Programs\LaTeX\tex\latex\base\article.cls
Document Class: article 2014/09/29 v1.4h Standard LaTeX document class
(D:\Programs\LaTeX\tex\latex\base\size10.clo
File: size10.clo 2014/09/29 v1.4h Standard LaTeX file (size option)
)
\c@part=\count79
\c@section=\count80
\c@subsection=\count81
\c@subsubsection=\count82
\c@paragraph=\count83
\c@subparagraph=\count84
\c@figure=\count85
\c@table=\count86
\abovecaptionskip=\skip41
\belowcaptionskip=\skip42
\bibindent=\dimen102
)
No auxiliary output files.

\tabular@text=\toks14
\tabular@head=\toks15
\tabular@tail=\toks16
\@ta=\toks17
\undefined@token=\toks18
\sectionwidth=\dimen103
\sectionskip=\skip43
\resumewidth=\dimen104
\@columnwidth=\dimen105
\c@numberofcolumns=\count87
) (D:\Programs\LaTeX\tex\latex\psnfss\helvet.sty
Package: helvet 2005/04/12 PSNFSS-v9.2a (WaS) 

(D:\Programs\LaTeX\tex\latex\graphics\keyval.sty
Package: keyval 2014/10/28 v1.15 key=value parser (DPC)
\KV@toks@=\toks19
))

LaTeX Warning: Unused global option(s):
    [10pt].

No file cv_1.aux.
LaTeX Font Info:    Checking defaults for OML/cmm/m/it on input line 30.
LaTeX Font Info:    ... okay on input line 30.
LaTeX Font Info:    Checking defaults for T1/cmr/m/n on input line 30.
LaTeX Font Info:    ... okay on input line 30.
LaTeX Font Info:    Checking defaults for OT1/cmr/m/n on input line 30.
LaTeX Font Info:    ... okay on input line 30.
LaTeX Font Info:    Checking defaults for OMS/cmsy/m/n on input line 30.
LaTeX Font Info:    ... okay on input line 30.
LaTeX Font Info:    Checking defaults for OMX/cmex/m/n on input line 30.
LaTeX Font Info:    ... okay on input line 30.
LaTeX Font Info:    Checking defaults for U/cmr/m/n on input line 30.
LaTeX Font Info:    ... okay on input line 30.
LaTeX Font Info:    External font `cmex10' loaded for size
(Font)              <7> on input line 46.
LaTeX Font Info:    External font `cmex10' loaded for size
(Font)              <5> on input line 46.
Requested font "cmr12" at 12.0pt
Requested font "cmbx12" at 12.0pt
Requested font "cmbx10" at 10.0pt

Underfull \hbox (badness 10000) in paragraph at lines 56--57

 []

Requested font "cmsl10" at 10.0pt
LaTeX Font Info:    Try loading font information for OMS+cmr on input line 93.
(D:\Programs\LaTeX\tex\latex\base\omscmr.fd
File: omscmr.fd 2014/09/29 v2.5h Standard LaTeX font definitions
)
LaTeX Font Info:    Font shape `OMS/cmr/m/n' in size <10> not available
(Font)              Font shape `OMS/cmsy/m/n' tried instead on input line 93.
 [1

] [2] ) 
Here is how much of TeX's memory you used:
 343 strings out of 428721
 3524 string characters out of 3165766
 58207 words of memory out of 3000000
 3780 multiletter control sequences out of 15000+200000
 4906 words of font info for 18 fonts, out of 3000000 for 9000
 1096 hyphenation exceptions out of 8191
 29i,8n,21p,295b,175s stack positions out of 5000i,500n,10000p,200000b,50000s

Output written on cv_1.pdf (2 pages).
